{"D:\\George\\Micro-frontend\\BookRental\\cartpage-widget\\src\\components\\CartItem.tsx": {"path":"D:\\George\\Micro-frontend\\BookRental\\cartpage-widget\\src\\components\\CartItem.tsx","statementMap":{"0":{"start":{"line":23,"column":52},"end":{"line":23,"column":null}},"1":{"start":{"line":25,"column":46},"end":{"line":25,"column":64}},"2":{"start":{"line":27,"column":10},"end":{"line":38,"column":null}},"3":{"start":{"line":28,"column":8},"end":{"line":37,"column":null}},"4":{"start":{"line":30,"column":16},"end":{"line":30,"column":null}},"5":{"start":{"line":32,"column":16},"end":{"line":32,"column":null}},"6":{"start":{"line":34,"column":16},"end":{"line":34,"column":null}},"7":{"start":{"line":36,"column":16},"end":{"line":36,"column":null}},"8":{"start":{"line":40,"column":10},"end":{"line":57,"column":null}},"9":{"start":{"line":41,"column":8},"end":{"line":56,"column":null}},"10":{"start":{"line":49,"column":20},"end":{"line":49,"column":null}},"11":{"start":{"line":50,"column":20},"end":{"line":50,"column":null}},"12":{"start":{"line":53,"column":20},"end":{"line":53,"column":null}},"13":{"start":{"line":59,"column":4},"end":{"line":168,"column":null}},"14":{"start":{"line":103,"column":49},"end":{"line":103,"column":null}},"15":{"start":{"line":130,"column":43},"end":{"line":130,"column":null}},"16":{"start":{"line":138,"column":31},"end":{"line":138,"column":null}},"17":{"start":{"line":141,"column":35},"end":{"line":141,"column":null}},"18":{"start":{"line":154,"column":39},"end":{"line":154,"column":null}}},"fnMap":{"0":{"name":"CartItem","decl":{"start":{"line":22,"column":24},"end":{"line":22,"column":33}},"loc":{"start":{"line":22,"column":50},"end":{"line":170,"column":null}},"line":22},"1":{"name":"(anonymous_1)","decl":{"start":{"line":27,"column":10},"end":{"line":27,"column":33}},"loc":{"start":{"line":27,"column":33},"end":{"line":38,"column":null}},"line":27},"2":{"name":"(anonymous_2)","decl":{"start":{"line":40,"column":10},"end":{"line":40,"column":31}},"loc":{"start":{"line":40,"column":31},"end":{"line":57,"column":null}},"line":40},"3":{"name":"(anonymous_3)","decl":{"start":{"line":48,"column":16},"end":{"line":48,"column":33}},"loc":{"start":{"line":48,"column":33},"end":{"line":51,"column":null}},"line":48},"4":{"name":"(anonymous_4)","decl":{"start":{"line":52,"column":16},"end":{"line":52,"column":31}},"loc":{"start":{"line":52,"column":31},"end":{"line":54,"column":null}},"line":52},"5":{"name":"(anonymous_5)","decl":{"start":{"line":103,"column":28},"end":{"line":103,"column":39}},"loc":{"start":{"line":103,"column":49},"end":{"line":103,"column":null}},"line":103},"6":{"name":"(anonymous_6)","decl":{"start":{"line":130,"column":28},"end":{"line":130,"column":43}},"loc":{"start":{"line":130,"column":43},"end":{"line":130,"column":null}},"line":130},"7":{"name":"(anonymous_7)","decl":{"start":{"line":138,"column":16},"end":{"line":138,"column":31}},"loc":{"start":{"line":138,"column":31},"end":{"line":138,"column":null}},"line":138},"8":{"name":"(anonymous_8)","decl":{"start":{"line":141,"column":20},"end":{"line":141,"column":35}},"loc":{"start":{"line":141,"column":35},"end":{"line":141,"column":null}},"line":141},"9":{"name":"(anonymous_9)","decl":{"start":{"line":154,"column":24},"end":{"line":154,"column":39}},"loc":{"start":{"line":154,"column":39},"end":{"line":154,"column":null}},"line":154}},"branchMap":{"0":{"loc":{"start":{"line":28,"column":8},"end":{"line":37,"column":null}},"type":"switch","locations":[{"start":{"line":29,"column":12},"end":{"line":30,"column":null}},{"start":{"line":31,"column":12},"end":{"line":32,"column":null}},{"start":{"line":33,"column":12},"end":{"line":34,"column":null}},{"start":{"line":35,"column":12},"end":{"line":36,"column":null}}],"line":28}},"s":{"0":29,"1":29,"2":29,"3":28,"4":25,"5":1,"6":1,"7":1,"8":29,"9":3,"10":1,"11":1,"12":1,"13":29,"14":1,"15":7,"16":1,"17":1,"18":1},"f":{"0":29,"1":28,"2":3,"3":1,"4":1,"5":1,"6":7,"7":1,"8":1,"9":1},"b":{"0":[25,1,1,1]},"meta":{"lastBranch":1,"lastFunction":10,"lastStatement":19,"seen":{"f:22:24:22:33":0,"s:23:52:23:Infinity":0,"s:25:46:25:64":1,"s:27:10:38:Infinity":2,"f:27:10:27:33":1,"b:29:12:30:Infinity:31:12:32:Infinity:33:12:34:Infinity:35:12:36:Infinity":0,"s:28:8:37:Infinity":3,"s:30:16:30:Infinity":4,"s:32:16:32:Infinity":5,"s:34:16:34:Infinity":6,"s:36:16:36:Infinity":7,"s:40:10:57:Infinity":8,"f:40:10:40:31":2,"s:41:8:56:Infinity":9,"f:48:16:48:33":3,"s:49:20:49:Infinity":10,"s:50:20:50:Infinity":11,"f:52:16:52:31":4,"s:53:20:53:Infinity":12,"s:59:4:168:Infinity":13,"f:103:28:103:39":5,"s:103:49:103:Infinity":14,"f:130:28:130:43":6,"s:130:43:130:Infinity":15,"f:138:16:138:31":7,"s:138:31:138:Infinity":16,"f:141:20:141:35":8,"s:141:35:141:Infinity":17,"f:154:24:154:39":9,"s:154:39:154:Infinity":18},"fnNames":{}}}
,"D:\\George\\Micro-frontend\\BookRental\\cartpage-widget\\src\\components\\OrderSummary.tsx": {"path":"D:\\George\\Micro-frontend\\BookRental\\cartpage-widget\\src\\components\\OrderSummary.tsx","statementMap":{"0":{"start":{"line":13,"column":21},"end":{"line":13,"column":null}},"1":{"start":{"line":14,"column":4},"end":{"line":85,"column":null}}},"fnMap":{"0":{"name":"OrderSummary","decl":{"start":{"line":9,"column":24},"end":{"line":9,"column":37}},"loc":{"start":{"line":12,"column":10},"end":{"line":87,"column":null}},"line":12}},"branchMap":{"0":{"loc":{"start":{"line":28,"column":53},"end":{"line":28,"column":88}},"type":"cond-expr","locations":[{"start":{"line":28,"column":71},"end":{"line":28,"column":80}},{"start":{"line":28,"column":80},"end":{"line":28,"column":88}}],"line":28},"1":{"loc":{"start":{"line":52,"column":26},"end":{"line":52,"column":null}},"type":"cond-expr","locations":[{"start":{"line":52,"column":37},"end":{"line":52,"column":59}},{"start":{"line":52,"column":59},"end":{"line":52,"column":null}}],"line":52},"2":{"loc":{"start":{"line":76,"column":26},"end":{"line":76,"column":null}},"type":"cond-expr","locations":[{"start":{"line":76,"column":37},"end":{"line":76,"column":53}},{"start":{"line":76,"column":53},"end":{"line":76,"column":null}}],"line":76}},"s":{"0":5,"1":5},"f":{"0":5},"b":{"0":[1,4],"1":[4,1],"2":[4,1]},"meta":{"lastBranch":3,"lastFunction":1,"lastStatement":2,"seen":{"f:9:24:9:37":0,"s:13:21:13:Infinity":0,"s:14:4:85:Infinity":1,"b:28:71:28:80:28:80:28:88":0,"b:52:37:52:59:52:59:52:Infinity":1,"b:76:37:76:53:76:53:76:Infinity":2},"fnNames":{}}}
,"D:\\George\\Micro-frontend\\BookRental\\cartpage-widget\\src\\hooks\\useCart.ts": {"path":"D:\\George\\Micro-frontend\\BookRental\\cartpage-widget\\src\\hooks\\useCart.ts","statementMap":{"0":{"start":{"line":5,"column":13},"end":{"line":10,"column":null}},"1":{"start":{"line":6,"column":4},"end":{"line":9,"column":null}}},"fnMap":{"0":{"name":"(anonymous_0)","decl":{"start":{"line":5,"column":13},"end":{"line":5,"column":29}},"loc":{"start":{"line":5,"column":29},"end":{"line":10,"column":null}},"line":5}},"branchMap":{},"s":{"0":1,"1":2},"f":{"0":2},"b":{},"meta":{"lastBranch":0,"lastFunction":1,"lastStatement":2,"seen":{"s:5:13:10:Infinity":0,"f:5:13:5:29":0,"s:6:4:9:Infinity":1},"fnNames":{}}}
,"D:\\George\\Micro-frontend\\BookRental\\cartpage-widget\\src\\hooks\\useClearCart.ts": {"path":"D:\\George\\Micro-frontend\\BookRental\\cartpage-widget\\src\\hooks\\useClearCart.ts","statementMap":{"0":{"start":{"line":4,"column":13},"end":{"line":16,"column":null}},"1":{"start":{"line":5,"column":24},"end":{"line":5,"column":39}},"2":{"start":{"line":7,"column":4},"end":{"line":15,"column":null}},"3":{"start":{"line":11,"column":12},"end":{"line":13,"column":null}}},"fnMap":{"0":{"name":"(anonymous_0)","decl":{"start":{"line":4,"column":13},"end":{"line":4,"column":34}},"loc":{"start":{"line":4,"column":34},"end":{"line":16,"column":null}},"line":4},"1":{"name":"(anonymous_1)","decl":{"start":{"line":10,"column":8},"end":{"line":10,"column":25}},"loc":{"start":{"line":10,"column":25},"end":{"line":14,"column":null}},"line":10}},"branchMap":{},"s":{"0":1,"1":2,"2":2,"3":1},"f":{"0":2,"1":1},"b":{},"meta":{"lastBranch":0,"lastFunction":2,"lastStatement":4,"seen":{"s:4:13:16:Infinity":0,"f:4:13:4:34":0,"s:5:24:5:39":1,"s:7:4:15:Infinity":2,"f:10:8:10:25":1,"s:11:12:13:Infinity":3},"fnNames":{}}}
,"D:\\George\\Micro-frontend\\BookRental\\cartpage-widget\\src\\hooks\\useDeleteCartItem.ts": {"path":"D:\\George\\Micro-frontend\\BookRental\\cartpage-widget\\src\\hooks\\useDeleteCartItem.ts","statementMap":{"0":{"start":{"line":3,"column":13},"end":{"line":14,"column":null}},"1":{"start":{"line":4,"column":24},"end":{"line":4,"column":39}},"2":{"start":{"line":6,"column":4},"end":{"line":13,"column":null}},"3":{"start":{"line":9,"column":12},"end":{"line":11,"column":null}}},"fnMap":{"0":{"name":"(anonymous_0)","decl":{"start":{"line":3,"column":13},"end":{"line":3,"column":39}},"loc":{"start":{"line":3,"column":39},"end":{"line":14,"column":null}},"line":3},"1":{"name":"(anonymous_1)","decl":{"start":{"line":8,"column":8},"end":{"line":8,"column":25}},"loc":{"start":{"line":8,"column":25},"end":{"line":12,"column":null}},"line":8}},"branchMap":{},"s":{"0":1,"1":2,"2":2,"3":1},"f":{"0":2,"1":1},"b":{},"meta":{"lastBranch":0,"lastFunction":2,"lastStatement":4,"seen":{"s:3:13:14:Infinity":0,"f:3:13:3:39":0,"s:4:24:4:39":1,"s:6:4:13:Infinity":2,"f:8:8:8:25":1,"s:9:12:11:Infinity":3},"fnNames":{}}}
,"D:\\George\\Micro-frontend\\BookRental\\cartpage-widget\\src\\pages\\CartPage.tsx": {"path":"D:\\George\\Micro-frontend\\BookRental\\cartpage-widget\\src\\pages\\CartPage.tsx","statementMap":{"0":{"start":{"line":18,"column":41},"end":{"line":18,"column":49}},"1":{"start":{"line":19,"column":45},"end":{"line":19,"column":58}},"2":{"start":{"line":20,"column":50},"end":{"line":20,"column":null}},"3":{"start":{"line":22,"column":4},"end":{"line":24,"column":null}},"4":{"start":{"line":23,"column":8},"end":{"line":23,"column":null}},"5":{"start":{"line":26,"column":4},"end":{"line":28,"column":null}},"6":{"start":{"line":27,"column":8},"end":{"line":27,"column":null}},"7":{"start":{"line":29,"column":10},"end":{"line":32,"column":null}},"8":{"start":{"line":30,"column":8},"end":{"line":30,"column":null}},"9":{"start":{"line":31,"column":8},"end":{"line":31,"column":null}},"10":{"start":{"line":33,"column":10},"end":{"line":43,"column":null}},"11":{"start":{"line":34,"column":8},"end":{"line":42,"column":null}},"12":{"start":{"line":36,"column":16},"end":{"line":36,"column":null}},"13":{"start":{"line":37,"column":16},"end":{"line":37,"column":null}},"14":{"start":{"line":40,"column":16},"end":{"line":40,"column":null}},"15":{"start":{"line":45,"column":4},"end":{"line":119,"column":null}},"16":{"start":{"line":58,"column":47},"end":{"line":58,"column":null}},"17":{"start":{"line":75,"column":36},"end":{"line":75,"column":null}},"18":{"start":{"line":92,"column":31},"end":{"line":92,"column":null}},"19":{"start":{"line":94,"column":44},"end":{"line":94,"column":70}},"20":{"start":{"line":105,"column":39},"end":{"line":105,"column":null}}},"fnMap":{"0":{"name":"CartPage","decl":{"start":{"line":17,"column":24},"end":{"line":17,"column":35}},"loc":{"start":{"line":17,"column":35},"end":{"line":121,"column":null}},"line":17},"1":{"name":"(anonymous_1)","decl":{"start":{"line":29,"column":10},"end":{"line":29,"column":36}},"loc":{"start":{"line":29,"column":36},"end":{"line":32,"column":null}},"line":29},"2":{"name":"(anonymous_2)","decl":{"start":{"line":33,"column":10},"end":{"line":33,"column":34}},"loc":{"start":{"line":33,"column":34},"end":{"line":43,"column":null}},"line":33},"3":{"name":"(anonymous_3)","decl":{"start":{"line":35,"column":12},"end":{"line":35,"column":29}},"loc":{"start":{"line":35,"column":29},"end":{"line":38,"column":null}},"line":35},"4":{"name":"(anonymous_4)","decl":{"start":{"line":39,"column":12},"end":{"line":39,"column":27}},"loc":{"start":{"line":39,"column":27},"end":{"line":41,"column":null}},"line":39},"5":{"name":"(anonymous_5)","decl":{"start":{"line":58,"column":32},"end":{"line":58,"column":47}},"loc":{"start":{"line":58,"column":47},"end":{"line":58,"column":null}},"line":58},"6":{"name":"(anonymous_6)","decl":{"start":{"line":74,"column":44},"end":{"line":74,"column":49}},"loc":{"start":{"line":75,"column":36},"end":{"line":75,"column":null}},"line":75},"7":{"name":"(anonymous_7)","decl":{"start":{"line":92,"column":16},"end":{"line":92,"column":31}},"loc":{"start":{"line":92,"column":31},"end":{"line":92,"column":null}},"line":92},"8":{"name":"(anonymous_8)","decl":{"start":{"line":94,"column":29},"end":{"line":94,"column":44}},"loc":{"start":{"line":94,"column":44},"end":{"line":94,"column":70}},"line":94},"9":{"name":"(anonymous_9)","decl":{"start":{"line":105,"column":24},"end":{"line":105,"column":39}},"loc":{"start":{"line":105,"column":39},"end":{"line":105,"column":null}},"line":105}},"branchMap":{"0":{"loc":{"start":{"line":22,"column":4},"end":{"line":24,"column":null}},"type":"if","locations":[{"start":{"line":22,"column":4},"end":{"line":24,"column":null}},{"start":{},"end":{}}],"line":22},"1":{"loc":{"start":{"line":26,"column":4},"end":{"line":28,"column":null}},"type":"if","locations":[{"start":{"line":26,"column":4},"end":{"line":28,"column":null}},{"start":{},"end":{}}],"line":26},"2":{"loc":{"start":{"line":26,"column":8},"end":{"line":26,"column":26}},"type":"binary-expr","locations":[{"start":{"line":26,"column":8},"end":{"line":26,"column":19}},{"start":{"line":26,"column":19},"end":{"line":26,"column":26}}],"line":26},"3":{"loc":{"start":{"line":53,"column":33},"end":{"line":53,"column":76}},"type":"cond-expr","locations":[{"start":{"line":53,"column":59},"end":{"line":53,"column":68}},{"start":{"line":53,"column":68},"end":{"line":53,"column":76}}],"line":53},"4":{"loc":{"start":{"line":59,"column":42},"end":{"line":59,"column":null}},"type":"binary-expr","locations":[{"start":{"line":59,"column":42},"end":{"line":59,"column":55}},{"start":{"line":59,"column":55},"end":{"line":59,"column":null}}],"line":59},"5":{"loc":{"start":{"line":65,"column":25},"end":{"line":79,"column":null}},"type":"cond-expr","locations":[{"start":{"line":66,"column":28},"end":{"line":73,"column":29}},{"start":{"line":73,"column":28},"end":{"line":79,"column":null}}],"line":65}},"s":{"0":21,"1":21,"2":21,"3":21,"4":1,"5":19,"6":1,"7":18,"8":1,"9":1,"10":18,"11":3,"12":1,"13":1,"14":1,"15":18,"16":6,"17":17,"18":1,"19":1,"20":1},"f":{"0":21,"1":1,"2":3,"3":1,"4":1,"5":6,"6":17,"7":1,"8":1,"9":1},"b":{"0":[1,20],"1":[1,18],"2":[19,18],"3":[17,1],"4":[21,18],"5":[1,17]},"meta":{"lastBranch":6,"lastFunction":10,"lastStatement":21,"seen":{"f:17:24:17:35":0,"s:18:41:18:49":0,"s:19:45:19:58":1,"s:20:50:20:Infinity":2,"b:22:4:24:Infinity:undefined:undefined:undefined:undefined":0,"s:22:4:24:Infinity":3,"s:23:8:23:Infinity":4,"b:26:4:28:Infinity:undefined:undefined:undefined:undefined":1,"s:26:4:28:Infinity":5,"b:26:8:26:19:26:19:26:26":2,"s:27:8:27:Infinity":6,"s:29:10:32:Infinity":7,"f:29:10:29:36":1,"s:30:8:30:Infinity":8,"s:31:8:31:Infinity":9,"s:33:10:43:Infinity":10,"f:33:10:33:34":2,"s:34:8:42:Infinity":11,"f:35:12:35:29":3,"s:36:16:36:Infinity":12,"s:37:16:37:Infinity":13,"f:39:12:39:27":4,"s:40:16:40:Infinity":14,"s:45:4:119:Infinity":15,"b:53:59:53:68:53:68:53:76":3,"f:58:32:58:47":5,"s:58:47:58:Infinity":16,"b:59:42:59:55:59:55:59:Infinity":4,"b:66:28:73:29:73:28:79:Infinity":5,"f:74:44:74:49":6,"s:75:36:75:Infinity":17,"f:92:16:92:31":7,"s:92:31:92:Infinity":18,"f:94:29:94:44":8,"s:94:44:94:70":19,"f:105:24:105:39":9,"s:105:39:105:Infinity":20},"fnNames":{}}}
}
